nohup: Eingabe wird ignoriert
  epoch    train_loss     dur
-------  ------------  ------
      1        [36m6.1401[0m  0.7580
      2        [36m5.7899[0m  0.7276
      3        6.1109  0.8263
      4        5.8718  0.8242
      5        6.0306  0.8256
      6        5.8498  0.8241
      7        [36m5.6938[0m  0.8255
      8        [36m5.5588[0m  0.8235
Re-initializing module.
Re-initializing optimizer.
  epoch    train_loss     dur
-------  ------------  ------
      1        [36m6.0889[0m  1.0181
      2        [36m5.7057[0m  0.7585
      3        6.0026  0.8551
      4        5.8509  0.8549
      5        5.9451  0.8554
      6        5.7669  0.8547
      7        5.7102  0.8553
      8        [36m5.5650[0m  0.8537
